<?xml version="1.0" encoding="UTF-8"?>
<!-- Generated by org.testng.reporters.JUnitXMLReporter -->
<testsuite hostname="Rohan-Laptop" ignored="24" name="Test" tests="7" failures="1" timestamp="2019-09-13T10:48:12 PDT" time="9.298" errors="0">
  <testcase name="logIn" time="6.018" classname="com.rohan.testcases.LoginTest"/>
  <testcase name="logOut" time="2.397" classname="com.rohan.testcases.LogoutTest"/>
  <testcase name="faliTest" time="0.706" classname="com.rohan.testcases.DemoFail">
    <failure type="java.lang.AssertionError" message="did not expect to find [true] but found [false]">
      <![CDATA[java.lang.AssertionError: did not expect to find [true] but found [false]
at com.rohan.testcases.DemoFail.faliTest(DemoFail.java:37)
at java.util.ArrayList.forEach(Unknown Source)
... Removed 31 stack frames]]>
    </failure>
  </testcase> <!-- faliTest -->
  <testcase name="searchTour" time="0.007" classname="com.rohan.testcases.SearchTour"/>
  <testcase name="searchCar" time="0.005" classname="com.rohan.testcases.SearchCar"/>
  <testcase name="searchFlight" time="0.006" classname="com.rohan.testcases.SearchFlight"/>
  <testcase name="searchHotel" time="0.007" classname="com.rohan.testcases.SearchHotel"/>
  <testcase name="@AfterSuite tearDown" time="0.0" classname="com.rohan.base.TestBase">
    <ignored/>
  </testcase> <!-- @AfterSuite tearDown -->
  <testcase name="@AfterSuite tearDown" time="0.0" classname="com.rohan.base.TestBase">
    <ignored/>
  </testcase> <!-- @AfterSuite tearDown -->
  <testcase name="@AfterSuite tearDown" time="0.0" classname="com.rohan.base.TestBase">
    <ignored/>
  </testcase> <!-- @AfterSuite tearDown -->
  <testcase name="@AfterSuite tearDown" time="0.0" classname="com.rohan.base.TestBase">
    <ignored/>
  </testcase> <!-- @AfterSuite tearDown -->
  <testcase name="@AfterSuite tearDown" time="0.0" classname="com.rohan.base.TestBase">
    <ignored/>
  </testcase> <!-- @AfterSuite tearDown -->
  <testcase name="@AfterSuite tearDown" time="0.0" classname="com.rohan.base.TestBase">
    <ignored/>
  </testcase> <!-- @AfterSuite tearDown -->
  <testcase name="@BeforeSuite initializeExtentReports" time="0.0" classname="com.rohan.base.TestBase">
    <ignored/>
  </testcase> <!-- @BeforeSuite initializeExtentReports -->
  <testcase name="@BeforeSuite initializeExtentReports" time="0.0" classname="com.rohan.base.TestBase">
    <ignored/>
  </testcase> <!-- @BeforeSuite initializeExtentReports -->
  <testcase name="@BeforeSuite initializeExtentReports" time="0.0" classname="com.rohan.base.TestBase">
    <ignored/>
  </testcase> <!-- @BeforeSuite initializeExtentReports -->
  <testcase name="@BeforeSuite initializeExtentReports" time="0.0" classname="com.rohan.base.TestBase">
    <ignored/>
  </testcase> <!-- @BeforeSuite initializeExtentReports -->
  <testcase name="@BeforeSuite initializeExtentReports" time="0.0" classname="com.rohan.base.TestBase">
    <ignored/>
  </testcase> <!-- @BeforeSuite initializeExtentReports -->
  <testcase name="@BeforeSuite initializeExtentReports" time="0.0" classname="com.rohan.base.TestBase">
    <ignored/>
  </testcase> <!-- @BeforeSuite initializeExtentReports -->
  <testcase name="@AfterSuite endExtentReport" time="0.0" classname="com.rohan.base.TestBase">
    <ignored/>
  </testcase> <!-- @AfterSuite endExtentReport -->
  <testcase name="@AfterSuite endExtentReport" time="0.0" classname="com.rohan.base.TestBase">
    <ignored/>
  </testcase> <!-- @AfterSuite endExtentReport -->
  <testcase name="@AfterSuite endExtentReport" time="0.0" classname="com.rohan.base.TestBase">
    <ignored/>
  </testcase> <!-- @AfterSuite endExtentReport -->
  <testcase name="@AfterSuite endExtentReport" time="0.0" classname="com.rohan.base.TestBase">
    <ignored/>
  </testcase> <!-- @AfterSuite endExtentReport -->
  <testcase name="@AfterSuite endExtentReport" time="0.0" classname="com.rohan.base.TestBase">
    <ignored/>
  </testcase> <!-- @AfterSuite endExtentReport -->
  <testcase name="@AfterSuite endExtentReport" time="0.0" classname="com.rohan.base.TestBase">
    <ignored/>
  </testcase> <!-- @AfterSuite endExtentReport -->
  <testcase name="@BeforeSuite setUp" time="0.0" classname="com.rohan.base.TestBase">
    <ignored/>
  </testcase> <!-- @BeforeSuite setUp -->
  <testcase name="@BeforeSuite setUp" time="0.0" classname="com.rohan.base.TestBase">
    <ignored/>
  </testcase> <!-- @BeforeSuite setUp -->
  <testcase name="@BeforeSuite setUp" time="0.0" classname="com.rohan.base.TestBase">
    <ignored/>
  </testcase> <!-- @BeforeSuite setUp -->
  <testcase name="@BeforeSuite setUp" time="0.0" classname="com.rohan.base.TestBase">
    <ignored/>
  </testcase> <!-- @BeforeSuite setUp -->
  <testcase name="@BeforeSuite setUp" time="0.0" classname="com.rohan.base.TestBase">
    <ignored/>
  </testcase> <!-- @BeforeSuite setUp -->
  <testcase name="@BeforeSuite setUp" time="0.0" classname="com.rohan.base.TestBase">
    <ignored/>
  </testcase> <!-- @BeforeSuite setUp -->
</testsuite> <!-- Test -->
