<?xml version="1.0" encoding="UTF-8"?>
<testng-results skipped="0" failed="1" ignored="18" total="19" passed="0">
  <reporter-output>
  </reporter-output>
  <suite name="Suite" duration-ms="6360" started-at="2019-09-20T14:04:18 IST" finished-at="2019-09-20T14:04:25 IST">
    <groups>
    </groups>
    <test name="Test" duration-ms="6360" started-at="2019-09-20T14:04:18 IST" finished-at="2019-09-20T14:04:25 IST">
      <class name="com.rohan.testcases.LoginTest">
        <test-method status="PASS" signature="initializeExtentReports()[pri:0, instance:com.rohan.testcases.LoginTest@305b7c14]" name="initializeExtentReports" is-config="true" duration-ms="205" started-at="2019-09-20T14:03:20 IST" finished-at="2019-09-20T14:03:20 IST">
          <reporter-output>
          </reporter-output>
        </test-method> <!-- initializeExtentReports -->
        <test-method status="PASS" signature="setUp()[pri:0, instance:com.rohan.testcases.LoginTest@305b7c14]" name="setUp" is-config="true" duration-ms="58100" started-at="2019-09-20T14:03:20 IST" finished-at="2019-09-20T14:04:18 IST">
          <reporter-output>
          </reporter-output>
        </test-method> <!-- setUp -->
        <test-method status="PASS" signature="initializeExtentTest()[pri:0, instance:com.rohan.testcases.LoginTest@305b7c14]" name="initializeExtentTest" is-config="true" duration-ms="14" started-at="2019-09-20T14:04:18 IST" finished-at="2019-09-20T14:04:18 IST">
          <reporter-output>
          </reporter-output>
        </test-method> <!-- initializeExtentTest -->
        <test-method status="FAIL" signature="logIn()[pri:0, instance:com.rohan.testcases.LoginTest@305b7c14]" name="logIn" duration-ms="6233" started-at="2019-09-20T14:04:18 IST" finished-at="2019-09-20T14:04:24 IST">
          <exception class="org.openqa.selenium.ElementClickInterceptedException">
            <message>
              <![CDATA[element click intercepted: Element <button style="font-size: 16px;" type="submit" class="btn btn-action btn-lg btn-block loginbtn">...</button> is not clickable at point (673, 532). Other element would receive the click: <a aria-label="learn more about cookies" role="button" tabindex="0" class="cc-link" href="https://www.phptravels.net/demo/cookies-policy" rel="noopener noreferrer nofollow" target="_blank">...</a>
  (Session info: chrome=77.0.3865.90)
Build info: version: '4.0.0-alpha-2', revision: 'f148142cf8', time: '2019-07-01T20:55:26'
System info: host: 'ROHAN-LAPTOP', ip: '192.168.43.202', os.name: 'Windows 7', os.arch: 'amd64', os.version: '6.1', java.version: '1.8.0_221'
Driver info: org.openqa.selenium.chrome.ChromeDriver
Capabilities {acceptInsecureCerts: false, browserName: chrome, browserVersion: 77.0.3865.90, chrome: {chromedriverVersion: 76.0.3809.68 (420c9498db8ce..., userDataDir: C:\Users\Rohan\AppData\Loca...}, goog:chromeOptions: {debuggerAddress: localhost:63721}, javascriptEnabled: true, networkConnectionEnabled: false, pageLoadStrategy: normal, platform: XP, platformName: XP, proxy: Proxy(), setWindowRect: true, strictFileInteractability: false, timeouts: {implicit: 0, pageLoad: 300000, script: 30000}, unhandledPromptBehavior: dismiss and notify}
Session ID: c8da27f0955677afc9df77a1f4fffada]]>
            </message>
            <full-stacktrace>
              <![CDATA[org.openqa.selenium.ElementClickInterceptedException: element click intercepted: Element <button style="font-size: 16px;" type="submit" class="btn btn-action btn-lg btn-block loginbtn">...</button> is not clickable at point (673, 532). Other element would receive the click: <a aria-label="learn more about cookies" role="button" tabindex="0" class="cc-link" href="https://www.phptravels.net/demo/cookies-policy" rel="noopener noreferrer nofollow" target="_blank">...</a>
  (Session info: chrome=77.0.3865.90)
Build info: version: '4.0.0-alpha-2', revision: 'f148142cf8', time: '2019-07-01T20:55:26'
System info: host: 'ROHAN-LAPTOP', ip: '192.168.43.202', os.name: 'Windows 7', os.arch: 'amd64', os.version: '6.1', java.version: '1.8.0_221'
Driver info: org.openqa.selenium.chrome.ChromeDriver
Capabilities {acceptInsecureCerts: false, browserName: chrome, browserVersion: 77.0.3865.90, chrome: {chromedriverVersion: 76.0.3809.68 (420c9498db8ce..., userDataDir: C:\Users\Rohan\AppData\Loca...}, goog:chromeOptions: {debuggerAddress: localhost:63721}, javascriptEnabled: true, networkConnectionEnabled: false, pageLoadStrategy: normal, platform: XP, platformName: XP, proxy: Proxy(), setWindowRect: true, strictFileInteractability: false, timeouts: {implicit: 0, pageLoad: 300000, script: 30000}, unhandledPromptBehavior: dismiss and notify}
Session ID: c8da27f0955677afc9df77a1f4fffada
at sun.reflect.NativeConstructorAccessorImpl.newInstance0(Native Method)
at sun.reflect.NativeConstructorAccessorImpl.newInstance(Unknown Source)
at sun.reflect.DelegatingConstructorAccessorImpl.newInstance(Unknown Source)
at java.lang.reflect.Constructor.newInstance(Unknown Source)
at org.openqa.selenium.remote.codec.w3c.W3CHttpResponseCodec.createException(W3CHttpResponseCodec.java:191)
at org.openqa.selenium.remote.codec.w3c.W3CHttpResponseCodec.decode(W3CHttpResponseCodec.java:125)
at org.openqa.selenium.remote.codec.w3c.W3CHttpResponseCodec.decode(W3CHttpResponseCodec.java:52)
at org.openqa.selenium.remote.HttpCommandExecutor.execute(HttpCommandExecutor.java:161)
at org.openqa.selenium.remote.service.DriverCommandExecutor.execute(DriverCommandExecutor.java:83)
at org.openqa.selenium.remote.RemoteWebDriver.execute(RemoteWebDriver.java:576)
at org.openqa.selenium.remote.RemoteWebElement.execute(RemoteWebElement.java:308)
at org.openqa.selenium.remote.RemoteWebElement.click(RemoteWebElement.java:83)
at com.rohan.pages.LoginPage.Login(LoginPage.java:32)
at com.rohan.testcases.LoginTest.logIn(LoginTest.java:33)
at sun.reflect.NativeMethodAccessorImpl.invoke0(Native Method)
at sun.reflect.NativeMethodAccessorImpl.invoke(Unknown Source)
at sun.reflect.DelegatingMethodAccessorImpl.invoke(Unknown Source)
at java.lang.reflect.Method.invoke(Unknown Source)
at org.testng.internal.MethodInvocationHelper.invokeMethod(MethodInvocationHelper.java:133)
at org.testng.internal.TestInvoker.invokeMethod(TestInvoker.java:584)
at org.testng.internal.TestInvoker.invokeTestMethod(TestInvoker.java:172)
at org.testng.internal.MethodRunner.runInSequence(MethodRunner.java:46)
at org.testng.internal.TestInvoker$MethodInvocationAgent.invoke(TestInvoker.java:804)
at org.testng.internal.TestInvoker.invokeTestMethods(TestInvoker.java:145)
at org.testng.internal.TestMethodWorker.invokeTestMethods(TestMethodWorker.java:146)
at org.testng.internal.TestMethodWorker.run(TestMethodWorker.java:128)
at java.util.ArrayList.forEach(Unknown Source)
at org.testng.TestRunner.privateRun(TestRunner.java:770)
at org.testng.TestRunner.run(TestRunner.java:591)
at org.testng.SuiteRunner.runTest(SuiteRunner.java:402)
at org.testng.SuiteRunner.runSequentially(SuiteRunner.java:396)
at org.testng.SuiteRunner.privateRun(SuiteRunner.java:355)
at org.testng.SuiteRunner.run(SuiteRunner.java:304)
at org.testng.SuiteRunnerWorker.runSuite(SuiteRunnerWorker.java:53)
at org.testng.SuiteRunnerWorker.run(SuiteRunnerWorker.java:96)
at org.testng.TestNG.runSuitesSequentially(TestNG.java:1180)
at org.testng.TestNG.runSuitesLocally(TestNG.java:1102)
at org.testng.TestNG.runSuites(TestNG.java:1032)
at org.testng.TestNG.run(TestNG.java:1000)
at org.testng.remote.AbstractRemoteTestNG.run(AbstractRemoteTestNG.java:115)
at org.testng.remote.RemoteTestNG.initAndRun(RemoteTestNG.java:251)
at org.testng.remote.RemoteTestNG.main(RemoteTestNG.java:77)
]]>
            </full-stacktrace>
          </exception> <!-- org.openqa.selenium.ElementClickInterceptedException -->
          <reporter-output>
          </reporter-output>
        </test-method> <!-- logIn -->
        <test-method status="PASS" signature="endExtentTest()[pri:0, instance:com.rohan.testcases.LoginTest@305b7c14]" name="endExtentTest" is-config="true" duration-ms="0" started-at="2019-09-20T14:04:25 IST" finished-at="2019-09-20T14:04:25 IST">
          <reporter-output>
          </reporter-output>
        </test-method> <!-- endExtentTest -->
        <test-method status="PASS" signature="endExtentReport()[pri:0, instance:com.rohan.testcases.LoginTest@305b7c14]" name="endExtentReport" is-config="true" duration-ms="840" started-at="2019-09-20T14:04:25 IST" finished-at="2019-09-20T14:04:25 IST">
          <reporter-output>
          </reporter-output>
        </test-method> <!-- endExtentReport -->
      </class> <!-- com.rohan.testcases.LoginTest -->
    </test> <!-- Test -->
  </suite> <!-- Suite -->
</testng-results>
